# JRE version: Java(TM) SE Runtime Environment (8.0_202-b08) (build 1.8.0_202-b08)
# Java VM: Java HotSpot(TM) 64-Bit Server VM (25.202-b08 mixed mode windows-amd64 compressed oops)
Heap:
 PSYoungGen      total 139776K, used 103841K [0x000000076c180000, 0x0000000775480000, 0x00000007c0000000)
  eden space 129024K, 80% used [0x000000076c180000,0x00000007726e8758,0x0000000773f80000)
  from space 10752K, 0% used [0x0000000774a00000,0x0000000774a00000,0x0000000775480000)
  to   space 10752K, 0% used [0x0000000773f80000,0x0000000773f80000,0x0000000774a00000)
 ParOldGen       total 192512K, used 45993K [0x00000006c4400000, 0x00000006d0000000, 0x000000076c180000)
  object space 192512K, 23% used [0x00000006c4400000,0x00000006c70ea530,0x00000006d0000000)
 Metaspace       used 12327K, capacity 12538K, committed 12928K, reserved 1060864K
  class space    used 1462K, capacity 1549K, committed 1664K, reserved 1048576K
GC Heap History (6 events):
Event: 0.593 GC heap before
{Heap before GC invocations=1 (full 0):
 PSYoungGen      total 75264K, used 64484K [0x000000076c180000, 0x0000000771580000, 0x00000007c0000000)
  eden space 64512K, 99% used [0x000000076c180000,0x0000000770079258,0x0000000770080000)
  from space 10752K, 0% used [0x0000000770b00000,0x0000000770b00000,0x0000000771580000)
  to   space 10752K, 0% used [0x0000000770080000,0x0000000770080000,0x0000000770b00000)
 ParOldGen       total 172032K, used 0K [0x00000006c4400000, 0x00000006cec00000, 0x000000076c180000)
  object space 172032K, 0% used [0x00000006c4400000,0x00000006c4400000,0x00000006cec00000)
 Metaspace       used 9030K, capacity 9234K, committed 9472K, reserved 1056768K
  class space    used 1064K, capacity 1157K, committed 1280K, reserved 1048576K
Event: 0.613 GC heap after
Heap after GC invocations=1 (full 0):
 PSYoungGen      total 75264K, used 8529K [0x000000076c180000, 0x0000000775480000, 0x00000007c0000000)
  eden space 64512K, 0% used [0x000000076c180000,0x000000076c180000,0x0000000770080000)
  from space 10752K, 79% used [0x0000000770080000,0x00000007708d4440,0x0000000770b00000)
  to   space 10752K, 0% used [0x0000000774a00000,0x0000000774a00000,0x0000000775480000)
 ParOldGen       total 172032K, used 50937K [0x00000006c4400000, 0x00000006cec00000, 0x000000076c180000)
  object space 172032K, 29% used [0x00000006c4400000,0x00000006c75be5e0,0x00000006cec00000)
 Metaspace       used 9030K, capacity 9234K, committed 9472K, reserved 1056768K
  class space    used 1064K, capacity 1157K, committed 1280K, reserved 1048576K
}
Event: 2.018 GC heap before
{Heap before GC invocations=2 (full 0):
 PSYoungGen      total 75264K, used 68892K [0x000000076c180000, 0x0000000775480000, 0x00000007c0000000)
  eden space 64512K, 93% used [0x000000076c180000,0x000000076fc72c70,0x0000000770080000)
  from space 10752K, 79% used [0x0000000770080000,0x00000007708d4440,0x0000000770b00000)
  to   space 10752K, 0% used [0x0000000774a00000,0x0000000774a00000,0x0000000775480000)
 ParOldGen       total 172032K, used 50937K [0x00000006c4400000, 0x00000006cec00000, 0x000000076c180000)
  object space 172032K, 29% used [0x00000006c4400000,0x00000006c75be5e0,0x00000006cec00000)
 Metaspace       used 11048K, capacity 11222K, committed 11520K, reserved 1058816K
  class space    used 1340K, capacity 1413K, committed 1536K, reserved 1048576K
Event: 2.045 GC heap after
Heap after GC invocations=2 (full 0):
 PSYoungGen      total 139776K, used 10643K [0x000000076c180000, 0x0000000775480000, 0x00000007c0000000)
  eden space 129024K, 0% used [0x000000076c180000,0x000000076c180000,0x0000000773f80000)
  from space 10752K, 98% used [0x0000000774a00000,0x0000000775464ec8,0x0000000775480000)
  to   space 10752K, 0% used [0x0000000773f80000,0x0000000773f80000,0x0000000774a00000)
 ParOldGen       total 172032K, used 114226K [0x00000006c4400000, 0x00000006cec00000, 0x000000076c180000)
  object space 172032K, 66% used [0x00000006c4400000,0x00000006cb38cbc0,0x00000006cec00000)
 Metaspace       used 11048K, capacity 11222K, committed 11520K, reserved 1058816K
  class space    used 1340K, capacity 1413K, committed 1536K, reserved 1048576K
}
Event: 2.045 GC heap before
{Heap before GC invocations=3 (full 1):
 PSYoungGen      total 139776K, used 10643K [0x000000076c180000, 0x0000000775480000, 0x00000007c0000000)
  eden space 129024K, 0% used [0x000000076c180000,0x000000076c180000,0x0000000773f80000)
  from space 10752K, 98% used [0x0000000774a00000,0x0000000775464ec8,0x0000000775480000)
  to   space 10752K, 0% used [0x0000000773f80000,0x0000000773f80000,0x0000000774a00000)
 ParOldGen       total 172032K, used 114226K [0x00000006c4400000, 0x00000006cec00000, 0x000000076c180000)
  object space 172032K, 66% used [0x00000006c4400000,0x00000006cb38cbc0,0x00000006cec00000)
 Metaspace       used 11048K, capacity 11222K, committed 11520K, reserved 1058816K
  class space    used 1340K, capacity 1413K, committed 1536K, reserved 1048576K
Event: 2.062 GC heap after
Heap after GC invocations=3 (full 1):
 PSYoungGen      total 139776K, used 0K [0x000000076c180000, 0x0000000775480000, 0x00000007c0000000)
  eden space 129024K, 0% used [0x000000076c180000,0x000000076c180000,0x0000000773f80000)
  from space 10752K, 0% used [0x0000000774a00000,0x0000000774a00000,0x0000000775480000)
  to   space 10752K, 0% used [0x0000000773f80000,0x0000000773f80000,0x0000000774a00000)
 ParOldGen       total 192512K, used 45993K [0x00000006c4400000, 0x00000006d0000000, 0x000000076c180000)
  object space 192512K, 23% used [0x00000006c4400000,0x00000006c70ea530,0x00000006d0000000)
 Metaspace       used 11048K, capacity 11222K, committed 11520K, reserved 1058816K
  class space    used 1340K, capacity 1413K, committed 1536K, reserved 1048576K
}

